1652800665172	geckodriver	INFO	Listening on 127.0.0.1:39985
1652800665175	mozrunner::runner	INFO	Running command: "/usr/bin/firefox" "--marionette" "--headless" "--remote-debugging-port" "43103" "-no-remote" "-profile" "/tmp/rust_mozprofileqOgE74"
*** You are running in headless mode.
1652800667077	Marionette	INFO	Marionette enabled
[GFX1-]: RenderCompositorSWGL failed mapping default framebuffer, no dt
console.warn: SearchSettings: "get: No settings file exists, new profile?" (new NotFoundError("Could not open the file at /tmp/rust_mozprofileqOgE74/search.json.mozlz4", (void 0)))
DevTools listening on ws://localhost:43103/devtools/browser/96380a00-7576-42ec-8a28-c2bdeda1a56e
1652800670349	Marionette	INFO	Listening on port 44811
1652800670397	RemoteAgent	WARN	TLS certificate errors will be ignored for this session
console.error: Region.jsm: "Error fetching region" (new Error("TIMEOUT", "resource://gre/modules/Region.jsm", 772))
console.error: Region.jsm: "Failed to fetch region" (new Error("TIMEOUT", "resource://gre/modules/Region.jsm", 419))
JavaScript error: https://eus.rubiconproject.com/usync.js, line 4: SecurityError: The operation is insecure.
1652800804148	Marionette	WARN	Ignoring event 'pageshow' because document has an invalid readyState of 'uninitialized'.
1652800804150	Marionette	WARN	Ignoring event 'pageshow' because document has an invalid readyState of 'uninitialized'.
JavaScript warning: https://pagead2.googlesyndication.com/bg/Ye9v6Im9tluz9H2voON4Knt27QwLK-_39wqINbvc4zs.js line 1 > eval line 4176 > eval line 1 > eval line 1 > eval, line 1: WEBGL_debug_renderer_info is deprecated in Firefox and will be removed. Please use RENDERER.
JavaScript warning: https://pagead2.googlesyndication.com/bg/Ye9v6Im9tluz9H2voON4Knt27QwLK-_39wqINbvc4zs.js line 1 > eval line 331 > eval line 1 > eval line 1 > eval, line 1: WEBGL_debug_renderer_info is deprecated in Firefox and will be removed. Please use RENDERER.
JavaScript warning: https://pagead2.googlesyndication.com/bg/6kAZB2R2IkMw87P0-iGviT-Bq_noDLkkkR6BhhZ9kEI.js line 1 > eval line 7268 > eval line 1 > eval line 1 > eval, line 1: WEBGL_debug_renderer_info is deprecated in Firefox and will be removed. Please use RENDERER.
JavaScript error: , line 0: TypeError: NetworkError when attempting to fetch resource.
JavaScript error: , line 0: TypeError: NetworkError when attempting to fetch resource.
JavaScript error: https://eus.rubiconproject.com/usync.js, line 4: SecurityError: The operation is insecure.
JavaScript warning: https://pagead2.googlesyndication.com/bg/6kAZB2R2IkMw87P0-iGviT-Bq_noDLkkkR6BhhZ9kEI.js line 1 > eval line 2333 > eval line 1 > eval line 1 > eval, line 1: WEBGL_debug_renderer_info is deprecated in Firefox and will be removed. Please use RENDERER.
JavaScript error: https://eus.rubiconproject.com/usync.js, line 4: SecurityError: The operation is insecure.
JavaScript warning: https://pagead2.googlesyndication.com/bg/6kAZB2R2IkMw87P0-iGviT-Bq_noDLkkkR6BhhZ9kEI.js line 1 > eval line 5181 > eval line 1 > eval line 1 > eval, line 1: WEBGL_debug_renderer_info is deprecated in Firefox and will be removed. Please use RENDERER.
JavaScript error: https://eus.rubiconproject.com/usync.js, line 4: SecurityError: The operation is insecure.
JavaScript warning: https://pagead2.googlesyndication.com/bg/6kAZB2R2IkMw87P0-iGviT-Bq_noDLkkkR6BhhZ9kEI.js line 1 > eval line 1887 > eval line 1 > eval line 1 > eval, line 1: WEBGL_debug_renderer_info is deprecated in Firefox and will be removed. Please use RENDERER.
JavaScript error: , line 0: TypeError: NetworkError when attempting to fetch resource.
JavaScript error: https://eus.rubiconproject.com/usync.js, line 4: SecurityError: The operation is insecure.
JavaScript warning: https://pagead2.googlesyndication.com/bg/6kAZB2R2IkMw87P0-iGviT-Bq_noDLkkkR6BhhZ9kEI.js line 1 > eval line 452 > eval line 1 > eval line 1 > eval, line 1: WEBGL_debug_renderer_info is deprecated in Firefox and will be removed. Please use RENDERER.
JavaScript warning: https://pagead2.googlesyndication.com/bg/Ye9v6Im9tluz9H2voON4Knt27QwLK-_39wqINbvc4zs.js line 1 > eval line 3091 > eval line 1 > eval line 1 > eval, line 1: WEBGL_debug_renderer_info is deprecated in Firefox and will be removed. Please use RENDERER.
JavaScript warning: https://pagead2.googlesyndication.com/bg/Ye9v6Im9tluz9H2voON4Knt27QwLK-_39wqINbvc4zs.js line 1 > eval line 6115 > eval line 1 > eval line 1 > eval, line 1: WEBGL_debug_renderer_info is deprecated in Firefox and will be removed. Please use RENDERER.
JavaScript error: , line 0: TypeError: NetworkError when attempting to fetch resource.
JavaScript error: , line 0: TypeError: NetworkError when attempting to fetch resource.
JavaScript error: https://eus.rubiconproject.com/usync.js, line 4: SecurityError: The operation is insecure.
JavaScript warning: https://pagead2.googlesyndication.com/bg/6kAZB2R2IkMw87P0-iGviT-Bq_noDLkkkR6BhhZ9kEI.js line 1 > eval line 3338 > eval line 1 > eval line 1 > eval, line 1: WEBGL_debug_renderer_info is deprecated in Firefox and will be removed. Please use RENDERER.
JavaScript error: , line 0: TypeError: NetworkError when attempting to fetch resource.
JavaScript error: https://eus.rubiconproject.com/usync.js, line 4: SecurityError: The operation is insecure.
JavaScript warning: https://pagead2.googlesyndication.com/bg/6kAZB2R2IkMw87P0-iGviT-Bq_noDLkkkR6BhhZ9kEI.js line 1 > eval line 5451 > eval line 1 > eval line 1 > eval, line 1: WEBGL_debug_renderer_info is deprecated in Firefox and will be removed. Please use RENDERER.
JavaScript error: https://eus.rubiconproject.com/usync.js, line 4: SecurityError: The operation is insecure.
JavaScript warning: https://pagead2.googlesyndication.com/bg/6kAZB2R2IkMw87P0-iGviT-Bq_noDLkkkR6BhhZ9kEI.js line 1 > eval line 7540 > eval line 1 > eval line 1 > eval, line 1: WEBGL_debug_renderer_info is deprecated in Firefox and will be removed. Please use RENDERER.
JavaScript warning: https://pagead2.googlesyndication.com/bg/Ye9v6Im9tluz9H2voON4Knt27QwLK-_39wqINbvc4zs.js line 1 > eval line 2905 > eval line 1 > eval line 1 > eval, line 1: WEBGL_debug_renderer_info is deprecated in Firefox and will be removed. Please use RENDERER.
JavaScript error: , line 0: TypeError: NetworkError when attempting to fetch resource.
JavaScript error: , line 0: TypeError: NetworkError when attempting to fetch resource.
JavaScript error: https://eus.rubiconproject.com/usync.js, line 4: SecurityError: The operation is insecure.
JavaScript warning: https://pagead2.googlesyndication.com/bg/6kAZB2R2IkMw87P0-iGviT-Bq_noDLkkkR6BhhZ9kEI.js line 1 > eval line 3466 > eval line 1 > eval line 1 > eval, line 1: WEBGL_debug_renderer_info is deprecated in Firefox and will be removed. Please use RENDERER.
JavaScript error: https://eus.rubiconproject.com/usync.js, line 4: SecurityError: The operation is insecure.
JavaScript warning: https://pagead2.googlesyndication.com/bg/6kAZB2R2IkMw87P0-iGviT-Bq_noDLkkkR6BhhZ9kEI.js line 1 > eval line 5360 > eval line 1 > eval line 1 > eval, line 1: WEBGL_debug_renderer_info is deprecated in Firefox and will be removed. Please use RENDERER.
JavaScript warning: https://z.moatads.com/openxdisplay970503469688/moatad.js#moatClientLevel1=537073246&moatClientSlicer1=544037158&moatClientSlicer2=544037159&moatClientSlicer3=544037161&zMoatOX3TRANS=bf5f4a1e-ac7b-42ad-97cd-9e91c5aeaa6b&zMoatOX3TRANSTIME=1652800865&zMoatADID=537171575&zMoatSZ=300x600&zMoatTAGID=3329872302&zMoatBUID=0&zMoatDEALID=, line 244: WEBGL_debug_renderer_info is deprecated in Firefox and will be removed. Please use RENDERER.
JavaScript warning: https://pagead2.googlesyndication.com/bg/Ye9v6Im9tluz9H2voON4Knt27QwLK-_39wqINbvc4zs.js line 1 > eval line 1734 > eval line 1 > eval line 1 > eval, line 1: WEBGL_debug_renderer_info is deprecated in Firefox and will be removed. Please use RENDERER.
JavaScript error: , line 0: TypeError: NetworkError when attempting to fetch resource.
JavaScript error: , line 0: TypeError: NetworkError when attempting to fetch resource.
JavaScript error: https://eus.rubiconproject.com/usync.js, line 4: SecurityError: The operation is insecure.
JavaScript warning: https://pagead2.googlesyndication.com/bg/6kAZB2R2IkMw87P0-iGviT-Bq_noDLkkkR6BhhZ9kEI.js line 1 > eval line 3842 > eval line 1 > eval line 1 > eval, line 1: WEBGL_debug_renderer_info is deprecated in Firefox and will be removed. Please use RENDERER.
JavaScript error: https://eus.rubiconproject.com/usync.js, line 4: SecurityError: The operation is insecure.
JavaScript warning: https://pagead2.googlesyndication.com/bg/6kAZB2R2IkMw87P0-iGviT-Bq_noDLkkkR6BhhZ9kEI.js line 1 > eval line 509 > eval line 1 > eval line 1 > eval, line 1: WEBGL_debug_renderer_info is deprecated in Firefox and will be removed. Please use RENDERER.
JavaScript warning: https://z.moatads.com/quantcastv2691176990399/moatad.js#moatClientLevel1=p-w80nvHX2R0L0g&moatClientLevel2=qfm&moatClientLevel3=09335bdb-ac64-4bb6-a693-3d89b6bef587&moatClientLevel4=c631d6dc-4758-444d-877e-7774b5b69749&uid=jfwDhov4CtzE8gzW0ecO1tCvF4eL8l7IjagCgN-pWYHY_g2AtecTCw==, line 244: WEBGL_debug_renderer_info is deprecated in Firefox and will be removed. Please use RENDERER.
JavaScript error: , line 0: TypeError: NetworkError when attempting to fetch resource.
JavaScript error: , line 0: TypeError: NetworkError when attempting to fetch resource.
JavaScript error: , line 0: TypeError: NetworkError when attempting to fetch resource.
JavaScript error: , line 0: TypeError: NetworkError when attempting to fetch resource.
JavaScript error: https://eus.rubiconproject.com/usync.js, line 4: SecurityError: The operation is insecure.
JavaScript warning: https://pagead2.googlesyndication.com/bg/6kAZB2R2IkMw87P0-iGviT-Bq_noDLkkkR6BhhZ9kEI.js line 1 > eval line 3475 > eval line 1 > eval line 1 > eval, line 1: WEBGL_debug_renderer_info is deprecated in Firefox and will be removed. Please use RENDERER.
JavaScript error: https://eus.rubiconproject.com/usync.js, line 4: SecurityError: The operation is insecure.
JavaScript warning: https://pagead2.googlesyndication.com/bg/6kAZB2R2IkMw87P0-iGviT-Bq_noDLkkkR6BhhZ9kEI.js line 1 > eval line 6096 > eval line 1 > eval line 1 > eval, line 1: WEBGL_debug_renderer_info is deprecated in Firefox and will be removed. Please use RENDERER.
JavaScript error: https://eus.rubiconproject.com/usync.js, line 4: SecurityError: The operation is insecure.
JavaScript warning: https://pagead2.googlesyndication.com/bg/6kAZB2R2IkMw87P0-iGviT-Bq_noDLkkkR6BhhZ9kEI.js line 1 > eval line 3542 > eval line 1 > eval line 1 > eval, line 1: WEBGL_debug_renderer_info is deprecated in Firefox and will be removed. Please use RENDERER.
JavaScript error: https://eus.rubiconproject.com/usync.js, line 4: SecurityError: The operation is insecure.
JavaScript warning: https://pagead2.googlesyndication.com/bg/6kAZB2R2IkMw87P0-iGviT-Bq_noDLkkkR6BhhZ9kEI.js line 1 > eval line 7788 > eval line 1 > eval line 1 > eval, line 1: WEBGL_debug_renderer_info is deprecated in Firefox and will be removed. Please use RENDERER.
JavaScript error: https://eus.rubiconproject.com/usync.js, line 4: SecurityError: The operation is insecure.
JavaScript warning: https://pagead2.googlesyndication.com/bg/6kAZB2R2IkMw87P0-iGviT-Bq_noDLkkkR6BhhZ9kEI.js line 1 > eval line 2318 > eval line 1 > eval line 1 > eval, line 1: WEBGL_debug_renderer_info is deprecated in Firefox and will be removed. Please use RENDERER.
JavaScript error: https://eus.rubiconproject.com/usync.js, line 4: SecurityError: The operation is insecure.
JavaScript warning: https://pagead2.googlesyndication.com/bg/6kAZB2R2IkMw87P0-iGviT-Bq_noDLkkkR6BhhZ9kEI.js line 1 > eval line 3912 > eval line 1 > eval line 1 > eval, line 1: WEBGL_debug_renderer_info is deprecated in Firefox and will be removed. Please use RENDERER.
JavaScript warning: https://pagead2.googlesyndication.com/bg/Ye9v6Im9tluz9H2voON4Knt27QwLK-_39wqINbvc4zs.js line 1 > eval line 5879 > eval line 1 > eval line 1 > eval, line 1: WEBGL_debug_renderer_info is deprecated in Firefox and will be removed. Please use RENDERER.
1652800907696	Marionette	INFO	Stopped listening on port 44811
JavaScript error: , line 0: TypeError: NetworkError when attempting to fetch resource.
JavaScript error: , line 0: TypeError: NetworkError when attempting to fetch resource.

###!!! [Parent][PContentParent] Error: Send(msgname=PContent::Reply_DiscardBrowsingContext) Closed channel: cannot send/recv


###!!! [Parent][PContentParent] Error: Send(msgname=PContent::Reply_DiscardBrowsingContext) Closed channel: cannot send/recv


###!!! [Parent][PContentParent] Error: Send(msgname=PContent::Reply_DiscardBrowsingContext) Closed channel: cannot send/recv


###!!! [Parent][PContentParent] Error: Send(msgname=PContent::Reply_DiscardBrowsingContext) Closed channel: cannot send/recv


###!!! [Parent][PContentParent] Error: Send(msgname=PContent::Reply_DiscardBrowsingContext) Closed channel: cannot send/recv


###!!! [Parent][PContentParent] Error: Send(msgname=PContent::Reply_DiscardBrowsingContext) Closed channel: cannot send/recv


###!!! [Parent][PContentParent] Error: Send(msgname=PContent::Reply_DiscardBrowsingContext) Closed channel: cannot send/recv


###!!! [Parent][PContentParent] Error: Send(msgname=PContent::Reply_DiscardBrowsingContext) Closed channel: cannot send/recv


###!!! [Parent][PContentParent] Error: Send(msgname=PContent::Reply_DiscardBrowsingContext) Closed channel: cannot send/recv


###!!! [Parent][PContentParent] Error: Send(msgname=PContent::Reply_DiscardBrowsingContext) Closed channel: cannot send/recv


###!!! [Parent][PContentParent] Error: Send(msgname=PContent::Reply_DiscardBrowsingContext) Closed channel: cannot send/recv


###!!! [Parent][PContentParent] Error: Send(msgname=PContent::Reply_DiscardBrowsingContext) Closed channel: cannot send/recv


###!!! [Parent][PContentParent] Error: Send(msgname=PContent::Reply_DiscardBrowsingContext) Closed channel: cannot send/recv


###!!! [Parent][PContentParent] Error: Send(msgname=PContent::Reply_DiscardBrowsingContext) Closed channel: cannot send/recv


###!!! [Parent][PContentParent] Error: Send(msgname=PContent::Reply_DiscardBrowsingContext) Closed channel: cannot send/recv


###!!! [Parent][PContentParent] Error: Send(msgname=PContent::Reply_DiscardBrowsingContext) Closed channel: cannot send/recv


###!!! [Parent][PContentParent] Error: Send(msgname=PContent::Reply_DiscardBrowsingContext) Closed channel: cannot send/recv


###!!! [Parent][PContentParent] Error: Send(msgname=PContent::Reply_DiscardBrowsingContext) Closed channel: cannot send/recv


###!!! [Parent][PContentParent] Error: Send(msgname=PContent::Reply_DiscardBrowsingContext) Closed channel: cannot send/recv


###!!! [Parent][PContentParent] Error: Send(msgname=PContent::Reply_DiscardBrowsingContext) Closed channel: cannot send/recv


###!!! [Parent][PContentParent] Error: Send(msgname=PContent::Reply_DiscardBrowsingContext) Closed channel: cannot send/recv


###!!! [Parent][PContentParent] Error: Send(msgname=PContent::Reply_DiscardBrowsingContext) Closed channel: cannot send/recv


###!!! [Parent][PContentParent] Error: Send(msgname=PContent::Reply_DiscardBrowsingContext) Closed channel: cannot send/recv


###!!! [Parent][PContentParent] Error: Send(msgname=PContent::Msg_DestroyBrowsingContextGroup) Closed channel: cannot send/recv


###!!! [Parent][PContentParent] Error: Send(msgname=PContent::Reply_DiscardBrowsingContext) Closed channel: cannot send/recv


###!!! [Parent][PImageBridgeParent] Error: RunMessage(msgname=PImageBridge::Msg_WillClose) Channel closing: too late to send/recv, messages will be lost

1652801130109	geckodriver	INFO	Listening on 127.0.0.1:53655
1652801130113	mozrunner::runner	INFO	Running command: "/usr/bin/firefox" "--marionette" "--headless" "--remote-debugging-port" "37295" "-no-remote" "-profile" "/tmp/rust_mozprofileHqBffK"
*** You are running in headless mode.
1652801131913	Marionette	INFO	Marionette enabled
[GFX1-]: RenderCompositorSWGL failed mapping default framebuffer, no dt
console.warn: SearchSettings: "get: No settings file exists, new profile?" (new NotFoundError("Could not open the file at /tmp/rust_mozprofileHqBffK/search.json.mozlz4", (void 0)))
DevTools listening on ws://localhost:37295/devtools/browser/c87d7764-c5fb-4845-a35f-364561f5158d
1652801134893	Marionette	INFO	Listening on port 42887
1652801134932	RemoteAgent	WARN	TLS certificate errors will be ignored for this session
JavaScript error: https://adengine.snigelweb.com/tellows.de/3684-1652456412339/adngin.js, line 1: TypeError: r is undefined
JavaScript error: https://eus.rubiconproject.com/usync.js, line 4: SecurityError: The operation is insecure.
JavaScript warning: https://pagead2.googlesyndication.com/bg/Ye9v6Im9tluz9H2voON4Knt27QwLK-_39wqINbvc4zs.js line 1 > eval line 6189 > eval line 1 > eval line 1 > eval, line 1: WEBGL_debug_renderer_info is deprecated in Firefox and will be removed. Please use RENDERER.
JavaScript warning: https://pagead2.googlesyndication.com/bg/Ye9v6Im9tluz9H2voON4Knt27QwLK-_39wqINbvc4zs.js line 1 > eval line 7694 > eval line 1 > eval line 1 > eval, line 1: WEBGL_debug_renderer_info is deprecated in Firefox and will be removed. Please use RENDERER.
1652801174920	Marionette	WARN	Ignoring event 'pageshow' because document has an invalid readyState of 'uninitialized'.
1652801174941	Marionette	WARN	Ignoring event 'pageshow' because document has an invalid readyState of 'uninitialized'.
JavaScript error: , line 0: TypeError: NetworkError when attempting to fetch resource.
JavaScript error: , line 0: TypeError: NetworkError when attempting to fetch resource.
JavaScript error: , line 0: TypeError: NetworkError when attempting to fetch resource.
JavaScript error: , line 0: TypeError: NetworkError when attempting to fetch resource.
JavaScript warning: https://pagead2.googlesyndication.com/bg/Ye9v6Im9tluz9H2voON4Knt27QwLK-_39wqINbvc4zs.js line 1 > eval line 6693 > eval line 1 > eval line 1 > eval, line 1: WEBGL_debug_renderer_info is deprecated in Firefox and will be removed. Please use RENDERER.
JavaScript warning: https://pagead2.googlesyndication.com/bg/Ye9v6Im9tluz9H2voON4Knt27QwLK-_39wqINbvc4zs.js line 1 > eval line 1789 > eval line 1 > eval line 1 > eval, line 1: WEBGL_debug_renderer_info is deprecated in Firefox and will be removed. Please use RENDERER.
JavaScript error: , line 0: TypeError: NetworkError when attempting to fetch resource.
JavaScript error: , line 0: TypeError: NetworkError when attempting to fetch resource.
JavaScript error: , line 0: TypeError: NetworkError when attempting to fetch resource.
JavaScript error: , line 0: TypeError: NetworkError when attempting to fetch resource.
JavaScript error: , line 0: TypeError: NetworkError when attempting to fetch resource.
JavaScript error: https://adengine.snigelweb.com/tellows.de/3684-1652456412339/adngin.js, line 1: TypeError: r is undefined
JavaScript error: https://eus.rubiconproject.com/usync.js, line 4: SecurityError: The operation is insecure.
JavaScript warning: https://z.moatads.com/quantcastv2691176990399/moatad.js#moatClientLevel1=p-NFxazWA7hnaYb&moatClientLevel2=qfm&moatClientLevel3=05c123bd-08b5-4e6f-9671-7826cb9b4345&moatClientLevel4=74ac896a-9ff0-4d71-9bea-fa4075ee2fd8&uid=8EwmiKJNdNjuSnPcp1Yl2fBJPIOmS3WX80kpi_IdIdvzHXOIDJ2gaA==, line 244: WEBGL_debug_renderer_info is deprecated in Firefox and will be removed. Please use RENDERER.
JavaScript warning: https://pagead2.googlesyndication.com/bg/Ye9v6Im9tluz9H2voON4Knt27QwLK-_39wqINbvc4zs.js line 1 > eval line 7453 > eval line 1 > eval line 1 > eval, line 1: WEBGL_debug_renderer_info is deprecated in Firefox and will be removed. Please use RENDERER.
JavaScript warning: https://z.moatads.com/quantcastv2691176990399/moatad.js#moatClientLevel1=p-ukvJKaVAnFK2H&moatClientLevel2=qfm&moatClientLevel3=fb050194-2195-4b8c-9ef9-b84586770256&moatClientLevel4=e28814df-ab27-4289-b9cb-12b2e819de72&uid=QFg0xBIOZZsLCjSbQkE3mhVcLpsVXGaPF19mlkdVM5NHXjvAjPAXHg==, line 244: WEBGL_debug_renderer_info is deprecated in Firefox and will be removed. Please use RENDERER.
JavaScript warning: https://pagead2.googlesyndication.com/bg/Ye9v6Im9tluz9H2voON4Knt27QwLK-_39wqINbvc4zs.js line 1 > eval line 1723 > eval line 1 > eval line 1 > eval, line 1: WEBGL_debug_renderer_info is deprecated in Firefox and will be removed. Please use RENDERER.
JavaScript warning: https://z.moatads.com/quantcastv2691176990399/moatad.js#moatClientLevel1=p-Y-bK7QwuF28JM&moatClientLevel2=qfm&moatClientLevel3=00bddcc7-0c78-4383-b9ba-b780810044fe&moatClientLevel4=0dcf589d-7ffa-4e67-8850-2ea1a98b26a9&uid=YelQ62DtBLp-6Fa-NvNS6WfsS-1hu1GiauhfvGu_U75n6lK3bnYuiA==, line 244: WEBGL_debug_renderer_info is deprecated in Firefox and will be removed. Please use RENDERER.
JavaScript error: , line 0: TypeError: NetworkError when attempting to fetch resource.
JavaScript error: , line 0: TypeError: NetworkError when attempting to fetch resource.
JavaScript error: , line 0: TypeError: NetworkError when attempting to fetch resource.
JavaScript error: , line 0: TypeError: NetworkError when attempting to fetch resource.
JavaScript error: , line 0: TypeError: NetworkError when attempting to fetch resource.
JavaScript error: https://adengine.snigelweb.com/tellows.de/3684-1652456412339/adngin.js, line 1: TypeError: r is undefined
JavaScript error: https://adengine.snigelweb.com/tellows.de/3684-1652456412339/adngin.js, line 1: TypeError: r is undefined
JavaScript warning: https://z.moatads.com/quantcastv2691176990399/moatad.js#moatClientLevel1=p-4fc9NHhQBUj8p&moatClientLevel2=qfm&moatClientLevel3=7c984006-203f-4563-93ac-798bfbec9772&moatClientLevel4=99572868-53bf-4aca-8cd1-b29961324ce2&uid=vL4lYZ22KwuE5zMLsJghHZamExaSkEQEBZY=, line 244: WEBGL_debug_renderer_info is deprecated in Firefox and will be removed. Please use RENDERER.
JavaScript warning: https://z.moatads.com/quantcastv2691176990399/moatad.js#moatClientLevel1=p-qWYSyhH1C_Mh2&moatClientLevel2=qfm&moatClientLevel3=206b14c0-5339-4738-afc2-c5d132aa4edf&moatClientLevel4=a86b6365-7e9b-4640-9abc-c033c1b5b0e2&uid=3G5F4ts5QeHGbkix0yJF4d08XLXSahD53j9E4N5tEObaPkaxqIUrBg==, line 244: WEBGL_debug_renderer_info is deprecated in Firefox and will be removed. Please use RENDERER.
JavaScript warning: https://pagead2.googlesyndication.com/bg/Ye9v6Im9tluz9H2voON4Knt27QwLK-_39wqINbvc4zs.js line 1 > eval line 7783 > eval line 1 > eval line 1 > eval, line 1: WEBGL_debug_renderer_info is deprecated in Firefox and will be removed. Please use RENDERER.
JavaScript warning: https://z.moatads.com/quantcastv2691176990399/moatad.js#moatClientLevel1=p-fHFepEQud3Q-h&moatClientLevel2=qfm&moatClientLevel3=db695ab0-cc1d-4449-82d4-83f1f833c4c6&moatClientLevel4=b962467a-5557-4f3f-b80b-05fbd2fbd5ea&uid=vVVxpZxdf8-ADVXBom1s4pB7evixTeVb93U=, line 244: WEBGL_debug_renderer_info is deprecated in Firefox and will be removed. Please use RENDERER.
JavaScript error: https://675721a06ea1477718cc012f714c3241.safeframe.googlesyndication.com/safeframe/1-0-38/html/container.html, line 5: SyntaxError: return not in function
JavaScript error: , line 0: uncaught exception: Object
JavaScript error: , line 0: TypeError: NetworkError when attempting to fetch resource.
JavaScript error: , line 0: TypeError: NetworkError when attempting to fetch resource.
JavaScript error: , line 0: TypeError: NetworkError when attempting to fetch resource.
JavaScript error: , line 0: TypeError: NetworkError when attempting to fetch resource.
JavaScript error: https://adengine.snigelweb.com/tellows.de/3684-1652456412339/adngin.js, line 1: TypeError: r is undefined
JavaScript error: https://adengine.snigelweb.com/tellows.de/3684-1652456412339/adngin.js, line 1: TypeError: r is undefined
JavaScript error: https://eus.rubiconproject.com/usync.js, line 4: SecurityError: The operation is insecure.
JavaScript warning: https://z.moatads.com/quantcastv2691176990399/moatad.js#moatClientLevel1=p-Y-bK7QwuF28JM&moatClientLevel2=qfm&moatClientLevel3=2b40eddf-4e85-4a37-ade8-db4a61ed551f&moatClientLevel4=8c75a0fb-7da9-471c-87ec-14054c7f9c73&uid=UQttAnIDY2VxJVVkbFEaZVA1aRZ_JR78Rcg=, line 244: WEBGL_debug_renderer_info is deprecated in Firefox and will be removed. Please use RENDERER.
JavaScript warning: https://z.moatads.com/quantcastv2691176990399/moatad.js#moatClientLevel1=p-0RuHkb6t0EnGk&moatClientLevel2=qfm&moatClientLevel3=57f882cc-f8c4-4aac-8b9d-c88b3b46b383&moatClientLevel4=0fde19fe-caba-4400-b63e-a1e9f1b43c3f&uid=vwP8WJwL8j_VJuI-jxT1MNA9_C-vLZSfmro=, line 244: WEBGL_debug_renderer_info is deprecated in Firefox and will be removed. Please use RENDERER.
JavaScript error: , line 0: TypeError: NetworkError when attempting to fetch resource.
JavaScript error: , line 0: TypeError: NetworkError when attempting to fetch resource.
JavaScript error: https://adengine.snigelweb.com/tellows.de/3684-1652456412339/adngin.js, line 1: TypeError: r is undefined
JavaScript error: https://eus.rubiconproject.com/usync.js, line 4: SecurityError: The operation is insecure.
JavaScript warning: https://z.moatads.com/quantcastv2691176990399/moatad.js#moatClientLevel1=p-0RuHkb6t0EnGk&moatClientLevel2=qfm&moatClientLevel3=57f882cc-f8c4-4aac-8b9d-c88b3b46b383&moatClientLevel4=0fde19fe-caba-4400-b63e-a1e9f1b43c3f&uid=vwP8WJwL8j_VJuI-jxT1MNA9_C-vLZSfmro=, line 244: WEBGL_debug_renderer_info is deprecated in Firefox and will be removed. Please use RENDERER.
JavaScript error: , line 0: TypeError: NetworkError when attempting to fetch resource.
JavaScript error: , line 0: TypeError: NetworkError when attempting to fetch resource.
JavaScript error: , line 0: TypeError: NetworkError when attempting to fetch resource.
JavaScript warning: https://z.moatads.com/quantcastv2691176990399/moatad.js#moatClientLevel1=p-0RuHkb6t0EnGk&moatClientLevel2=qfm&moatClientLevel3=57f882cc-f8c4-4aac-8b9d-c88b3b46b383&moatClientLevel4=0fde19fe-caba-4400-b63e-a1e9f1b43c3f&uid=vwP8WJwL8j_VJuI-jxT1MNA9_C-vLZSfmro=, line 244: WEBGL_debug_renderer_info is deprecated in Firefox and will be removed. Please use RENDERER.
JavaScript warning: https://z.moatads.com/quantcastv2691176990399/moatad.js#moatClientLevel1=p-0RuHkb6t0EnGk&moatClientLevel2=qfm&moatClientLevel3=57f882cc-f8c4-4aac-8b9d-c88b3b46b383&moatClientLevel4=0fde19fe-caba-4400-b63e-a1e9f1b43c3f&uid=vwP8WJwL8j_VJuI-jxT1MNA9_C-vLZSfmro=, line 244: WEBGL_debug_renderer_info is deprecated in Firefox and will be removed. Please use RENDERER.
JavaScript warning: https://pagead2.googlesyndication.com/bg/Ye9v6Im9tluz9H2voON4Knt27QwLK-_39wqINbvc4zs.js line 1 > eval line 576 > eval line 1 > eval line 1 > eval, line 1: WEBGL_debug_renderer_info is deprecated in Firefox and will be removed. Please use RENDERER.
JavaScript warning: https://pagead2.googlesyndication.com/bg/Ye9v6Im9tluz9H2voON4Knt27QwLK-_39wqINbvc4zs.js line 1 > eval line 4767 > eval line 1 > eval line 1 > eval, line 1: WEBGL_debug_renderer_info is deprecated in Firefox and will be removed. Please use RENDERER.
JavaScript warning: https://pagead2.googlesyndication.com/bg/Ye9v6Im9tluz9H2voON4Knt27QwLK-_39wqINbvc4zs.js line 1 > eval line 6751 > eval line 1 > eval line 1 > eval, line 1: WEBGL_debug_renderer_info is deprecated in Firefox and will be removed. Please use RENDERER.
JavaScript warning: https://pagead2.googlesyndication.com/bg/Ye9v6Im9tluz9H2voON4Knt27QwLK-_39wqINbvc4zs.js line 1 > eval line 3564 > eval line 1 > eval line 1 > eval, line 1: WEBGL_debug_renderer_info is deprecated in Firefox and will be removed. Please use RENDERER.
JavaScript warning: https://pagead2.googlesyndication.com/bg/Ye9v6Im9tluz9H2voON4Knt27QwLK-_39wqINbvc4zs.js line 1 > eval line 964 > eval line 1 > eval line 1 > eval, line 1: WEBGL_debug_renderer_info is deprecated in Firefox and will be removed. Please use RENDERER.
JavaScript warning: https://pagead2.googlesyndication.com/bg/Ye9v6Im9tluz9H2voON4Knt27QwLK-_39wqINbvc4zs.js line 1 > eval line 2212 > eval line 1 > eval line 1 > eval, line 1: WEBGL_debug_renderer_info is deprecated in Firefox and will be removed. Please use RENDERER.
JavaScript error: , line 0: uncaught exception: 7
JavaScript error: , line 0: TypeError: NetworkError when attempting to fetch resource.
JavaScript error: , line 0: TypeError: NetworkError when attempting to fetch resource.
JavaScript error: , line 0: TypeError: NetworkError when attempting to fetch resource.
JavaScript error: , line 0: TypeError: NetworkError when attempting to fetch resource.
JavaScript error: , line 0: TypeError: NetworkError when attempting to fetch resource.
JavaScript error: , line 0: TypeError: NetworkError when attempting to fetch resource.
JavaScript error: , line 0: TypeError: NetworkError when attempting to fetch resource.
JavaScript error: , line 0: TypeError: NetworkError when attempting to fetch resource.
JavaScript error: , line 0: TypeError: NetworkError when attempting to fetch resource.
JavaScript error: , line 0: TypeError: NetworkError when attempting to fetch resource.
JavaScript error: , line 0: TypeError: NetworkError when attempting to fetch resource.
JavaScript error: https://adengine.snigelweb.com/tellows.de/3684-1652456412339/adngin.js, line 1: TypeError: r is undefined
JavaScript warning: https://z.moatads.com/quantcastv2691176990399/moatad.js#moatClientLevel1=p-0RuHkb6t0EnGk&moatClientLevel2=qfm&moatClientLevel3=57f882cc-f8c4-4aac-8b9d-c88b3b46b383&moatClientLevel4=0fde19fe-caba-4400-b63e-a1e9f1b43c3f&uid=vwP8WJwL8j_VJuI-jxT1MNA9_C-vLZSfmro=, line 244: WEBGL_debug_renderer_info is deprecated in Firefox and will be removed. Please use RENDERER.
JavaScript warning: https://z.moatads.com/quantcastv2691176990399/moatad.js#moatClientLevel1=p-0RuHkb6t0EnGk&moatClientLevel2=qfm&moatClientLevel3=57f882cc-f8c4-4aac-8b9d-c88b3b46b383&moatClientLevel4=0fde19fe-caba-4400-b63e-a1e9f1b43c3f&uid=vwP8WJwL8j_VJuI-jxT1MNA9_C-vLZSfmro=, line 244: WEBGL_debug_renderer_info is deprecated in Firefox and will be removed. Please use RENDERER.
JavaScript warning: https://z.moatads.com/quantcastv2691176990399/moatad.js#moatClientLevel1=p-0RuHkb6t0EnGk&moatClientLevel2=qfm&moatClientLevel3=57f882cc-f8c4-4aac-8b9d-c88b3b46b383&moatClientLevel4=0fde19fe-caba-4400-b63e-a1e9f1b43c3f&uid=vwP8WJwL8j_VJuI-jxT1MNA9_C-vLZSfmro=, line 244: WEBGL_debug_renderer_info is deprecated in Firefox and will be removed. Please use RENDERER.
JavaScript error: , line 0: TypeError: NetworkError when attempting to fetch resource.
JavaScript error: , line 0: TypeError: NetworkError when attempting to fetch resource.
JavaScript error: , line 0: TypeError: NetworkError when attempting to fetch resource.
JavaScript error: https://adengine.snigelweb.com/tellows.de/3684-1652456412339/adngin.js, line 1: TypeError: r is undefined
JavaScript error: https://adengine.snigelweb.com/tellows.de/3684-1652456412339/adngin.js, line 1: TypeError: r is undefined
JavaScript error: https://eus.rubiconproject.com/usync.js, line 4: SecurityError: The operation is insecure.
JavaScript warning: https://pagead2.googlesyndication.com/bg/Ye9v6Im9tluz9H2voON4Knt27QwLK-_39wqINbvc4zs.js line 1 > eval line 3084 > eval line 1 > eval line 1 > eval, line 1: WEBGL_debug_renderer_info is deprecated in Firefox and will be removed. Please use RENDERER.
JavaScript warning: https://pagead2.googlesyndication.com/bg/Ye9v6Im9tluz9H2voON4Knt27QwLK-_39wqINbvc4zs.js line 1 > eval line 2979 > eval line 1 > eval line 1 > eval, line 1: WEBGL_debug_renderer_info is deprecated in Firefox and will be removed. Please use RENDERER.
JavaScript warning: https://pagead2.googlesyndication.com/bg/Ye9v6Im9tluz9H2voON4Knt27QwLK-_39wqINbvc4zs.js line 1 > eval line 6173 > eval line 1 > eval line 1 > eval, line 1: WEBGL_debug_renderer_info is deprecated in Firefox and will be removed. Please use RENDERER.
JavaScript warning: https://pagead2.googlesyndication.com/bg/Ye9v6Im9tluz9H2voON4Knt27QwLK-_39wqINbvc4zs.js line 1 > eval line 5549 > eval line 1 > eval line 1 > eval, line 1: WEBGL_debug_renderer_info is deprecated in Firefox and will be removed. Please use RENDERER.
JavaScript warning: https://pagead2.googlesyndication.com/bg/Ye9v6Im9tluz9H2voON4Knt27QwLK-_39wqINbvc4zs.js line 1 > eval line 5024 > eval line 1 > eval line 1 > eval, line 1: WEBGL_debug_renderer_info is deprecated in Firefox and will be removed. Please use RENDERER.
JavaScript error: , line 0: TypeError: NetworkError when attempting to fetch resource.
JavaScript error: , line 0: TypeError: NetworkError when attempting to fetch resource.
JavaScript error: , line 0: TypeError: NetworkError when attempting to fetch resource.
JavaScript error: , line 0: TypeError: NetworkError when attempting to fetch resource.
JavaScript error: , line 0: TypeError: NetworkError when attempting to fetch resource.
JavaScript error: , line 0: TypeError: NetworkError when attempting to fetch resource.
JavaScript error: , line 0: TypeError: NetworkError when attempting to fetch resource.
JavaScript error: , line 0: TypeError: NetworkError when attempting to fetch resource.
JavaScript error: , line 0: TypeError: NetworkError when attempting to fetch resource.
JavaScript error: , line 0: TypeError: NetworkError when attempting to fetch resource.
JavaScript error: https://adengine.snigelweb.com/tellows.de/3684-1652456412339/adngin.js, line 1: TypeError: r is undefined
1652801284592	Marionette	INFO	Stopped listening on port 42887

###!!! [Parent][PImageBridgeParent] Error: RunMessage(msgname=PImageBridge::Msg_WillClose) Channel closing: too late to send/recv, messages will be lost

1652801434981	geckodriver	INFO	Listening on 127.0.0.1:42221
1652801434986	mozrunner::runner	INFO	Running command: "/usr/bin/firefox" "--marionette" "--headless" "--remote-debugging-port" "48023" "-no-remote" "-profile" "/tmp/rust_mozprofileo1GCKl"
*** You are running in headless mode.
1652801436815	Marionette	INFO	Marionette enabled
[GFX1-]: RenderCompositorSWGL failed mapping default framebuffer, no dt
console.warn: SearchSettings: "get: No settings file exists, new profile?" (new NotFoundError("Could not open the file at /tmp/rust_mozprofileo1GCKl/search.json.mozlz4", (void 0)))
DevTools listening on ws://localhost:48023/devtools/browser/dff80614-409e-41ac-989c-07c445d98f5a
1652801439825	Marionette	INFO	Listening on port 42869
1652801439912	RemoteAgent	WARN	TLS certificate errors will be ignored for this session
JavaScript error: https://www.gstatic.com/charts/51/js/jsapi_compiled_corechart_module.js, line 1: ReferenceError: gvjs_iL is not defined
JavaScript error: , line 0: uncaught exception: undefined
JavaScript error: https://eus.rubiconproject.com/usync.js, line 4: SecurityError: The operation is insecure.
JavaScript error: https://www.gstatic.com/charts/51/js/jsapi_compiled_corechart_module.js, line 1: ReferenceError: gvjs_iL is not defined
JavaScript error: https://eus.rubiconproject.com/usync.js, line 4: SecurityError: The operation is insecure.
JavaScript warning: https://pagead2.googlesyndication.com/bg/6kAZB2R2IkMw87P0-iGviT-Bq_noDLkkkR6BhhZ9kEI.js line 1 > eval line 6748 > eval line 1 > eval line 1 > eval, line 1: WEBGL_debug_renderer_info is deprecated in Firefox and will be removed. Please use RENDERER.
JavaScript error: https://www.gstatic.com/charts/51/js/jsapi_compiled_corechart_module.js, line 1: ReferenceError: gvjs_iL is not defined
JavaScript error: https://eus.rubiconproject.com/usync.js, line 4: SecurityError: The operation is insecure.
JavaScript warning: https://pagead2.googlesyndication.com/bg/6kAZB2R2IkMw87P0-iGviT-Bq_noDLkkkR6BhhZ9kEI.js line 1 > eval line 263 > eval line 1 > eval line 1 > eval, line 1: WEBGL_debug_renderer_info is deprecated in Firefox and will be removed. Please use RENDERER.
JavaScript error: https://www.gstatic.com/charts/51/js/jsapi_compiled_corechart_module.js, line 1: ReferenceError: gvjs_iL is not defined
JavaScript error: https://eus.rubiconproject.com/usync.js, line 4: SecurityError: The operation is insecure.
JavaScript warning: https://pagead2.googlesyndication.com/bg/6kAZB2R2IkMw87P0-iGviT-Bq_noDLkkkR6BhhZ9kEI.js line 1 > eval line 691 > eval line 1 > eval line 1 > eval, line 1: WEBGL_debug_renderer_info is deprecated in Firefox and will be removed. Please use RENDERER.
1652801482671	Marionette	WARN	Ignoring event 'pageshow' because document has an invalid readyState of 'uninitialized'.
JavaScript error: https://www.gstatic.com/charts/51/js/jsapi_compiled_corechart_module.js, line 1: ReferenceError: gvjs_iL is not defined
JavaScript warning: https://pagead2.googlesyndication.com/bg/6kAZB2R2IkMw87P0-iGviT-Bq_noDLkkkR6BhhZ9kEI.js line 1 > eval line 4064 > eval line 1 > eval line 1 > eval, line 1: WEBGL_debug_renderer_info is deprecated in Firefox and will be removed. Please use RENDERER.
JavaScript error: https://eus.rubiconproject.com/usync.js, line 4: SecurityError: The operation is insecure.
JavaScript error: , line 0: TypeError: NetworkError when attempting to fetch resource.
JavaScript error: https://eus.rubiconproject.com/usync.js, line 4: SecurityError: The operation is insecure.
JavaScript warning: https://pagead2.googlesyndication.com/bg/6kAZB2R2IkMw87P0-iGviT-Bq_noDLkkkR6BhhZ9kEI.js line 1 > eval line 6967 > eval line 1 > eval line 1 > eval, line 1: WEBGL_debug_renderer_info is deprecated in Firefox and will be removed. Please use RENDERER.
JavaScript error: https://www.gstatic.com/charts/51/js/jsapi_compiled_corechart_module.js, line 1: ReferenceError: gvjs_iL is not defined
Exiting due to channel error.
Exiting due to channel error.
Exiting due to channel error.
1652801498092	geckodriver	INFO	Listening on 127.0.0.1:56237
1652801498096	mozrunner::runner	INFO	Running command: "/usr/bin/firefox" "--marionette" "--headless" "--remote-debugging-port" "46487" "-no-remote" "-profile" "/tmp/rust_mozprofileTR6dK4"
*** You are running in headless mode.
1652801500086	Marionette	INFO	Marionette enabled
[GFX1-]: RenderCompositorSWGL failed mapping default framebuffer, no dt
console.warn: SearchSettings: "get: No settings file exists, new profile?" (new NotFoundError("Could not open the file at /tmp/rust_mozprofileTR6dK4/search.json.mozlz4", (void 0)))
DevTools listening on ws://localhost:46487/devtools/browser/06ab5424-4898-42c2-98ef-1c872d7d4713
1652801503210	Marionette	INFO	Listening on port 45609
1652801503315	RemoteAgent	WARN	TLS certificate errors will be ignored for this session
JavaScript error: https://eus.rubiconproject.com/usync.js, line 4: SecurityError: The operation is insecure.
JavaScript warning: https://pagead2.googlesyndication.com/bg/Ye9v6Im9tluz9H2voON4Knt27QwLK-_39wqINbvc4zs.js line 1 > eval line 691 > eval line 1 > eval line 1 > eval, line 1: WEBGL_debug_renderer_info is deprecated in Firefox and will be removed. Please use RENDERER.
JavaScript warning: https://pagead2.googlesyndication.com/bg/6kAZB2R2IkMw87P0-iGviT-Bq_noDLkkkR6BhhZ9kEI.js line 1 > eval line 1232 > eval line 1 > eval line 1 > eval, line 1: WEBGL_debug_renderer_info is deprecated in Firefox and will be removed. Please use RENDERER.
JavaScript error: , line 0: TypeError: NetworkError when attempting to fetch resource.
JavaScript error: https://eus.rubiconproject.com/usync.js, line 4: SecurityError: The operation is insecure.
JavaScript warning: https://pagead2.googlesyndication.com/bg/6kAZB2R2IkMw87P0-iGviT-Bq_noDLkkkR6BhhZ9kEI.js line 1 > eval line 6648 > eval line 1 > eval line 1 > eval, line 1: WEBGL_debug_renderer_info is deprecated in Firefox and will be removed. Please use RENDERER.
JavaScript error: https://eus.rubiconproject.com/usync.js, line 4: SecurityError: The operation is insecure.
JavaScript warning: https://pagead2.googlesyndication.com/bg/6kAZB2R2IkMw87P0-iGviT-Bq_noDLkkkR6BhhZ9kEI.js line 1 > eval line 2508 > eval line 1 > eval line 1 > eval, line 1: WEBGL_debug_renderer_info is deprecated in Firefox and will be removed. Please use RENDERER.
JavaScript error: https://eus.rubiconproject.com/usync.js, line 4: SecurityError: The operation is insecure.
JavaScript warning: https://pagead2.googlesyndication.com/bg/6kAZB2R2IkMw87P0-iGviT-Bq_noDLkkkR6BhhZ9kEI.js line 1 > eval line 3459 > eval line 1 > eval line 1 > eval, line 1: WEBGL_debug_renderer_info is deprecated in Firefox and will be removed. Please use RENDERER.
JavaScript warning: https://www.telguarder.com/it/numero/3509920625 line 1 > injectedScript, line 1: WEBGL_debug_renderer_info is deprecated in Firefox and will be removed. Please use RENDERER.
JavaScript warning: https://www.telguarder.com/it/numero/3509920625 line 1 > injectedScript, line 1: WEBGL_debug_renderer_info is deprecated in Firefox and will be removed. Please use RENDERER.
JavaScript error: , line 0: TypeError: NetworkError when attempting to fetch resource.
JavaScript error: , line 0: TypeError: NetworkError when attempting to fetch resource.
JavaScript error: , line 0: TypeError: NetworkError when attempting to fetch resource.
JavaScript error: , line 0: TypeError: NetworkError when attempting to fetch resource.
JavaScript error: https://eus.rubiconproject.com/usync.js, line 4: SecurityError: The operation is insecure.
JavaScript warning: https://pagead2.googlesyndication.com/bg/6kAZB2R2IkMw87P0-iGviT-Bq_noDLkkkR6BhhZ9kEI.js line 1 > eval line 1593 > eval line 1 > eval line 1 > eval, line 1: WEBGL_debug_renderer_info is deprecated in Firefox and will be removed. Please use RENDERER.
JavaScript warning: https://pagead2.googlesyndication.com/bg/Ye9v6Im9tluz9H2voON4Knt27QwLK-_39wqINbvc4zs.js line 1 > eval line 876 > eval line 1 > eval line 1 > eval, line 1: WEBGL_debug_renderer_info is deprecated in Firefox and will be removed. Please use RENDERER.
JavaScript error: , line 0: TypeError: NetworkError when attempting to fetch resource.
JavaScript error: , line 0: TypeError: NetworkError when attempting to fetch resource.
JavaScript error: https://eus.rubiconproject.com/usync.js, line 4: SecurityError: The operation is insecure.
JavaScript warning: https://pagead2.googlesyndication.com/bg/6kAZB2R2IkMw87P0-iGviT-Bq_noDLkkkR6BhhZ9kEI.js line 1 > eval line 5799 > eval line 1 > eval line 1 > eval, line 1: WEBGL_debug_renderer_info is deprecated in Firefox and will be removed. Please use RENDERER.
JavaScript warning: https://pagead2.googlesyndication.com/bg/Ye9v6Im9tluz9H2voON4Knt27QwLK-_39wqINbvc4zs.js line 1 > eval line 4401 > eval line 1 > eval line 1 > eval, line 1: WEBGL_debug_renderer_info is deprecated in Firefox and will be removed. Please use RENDERER.
JavaScript warning: https://pagead2.googlesyndication.com/bg/Ye9v6Im9tluz9H2voON4Knt27QwLK-_39wqINbvc4zs.js line 1 > eval line 5204 > eval line 1 > eval line 1 > eval, line 1: WEBGL_debug_renderer_info is deprecated in Firefox and will be removed. Please use RENDERER.
JavaScript error: , line 0: TypeError: NetworkError when attempting to fetch resource.
JavaScript error: , line 0: TypeError: NetworkError when attempting to fetch resource.
JavaScript error: https://eus.rubiconproject.com/usync.js, line 4: SecurityError: The operation is insecure.
JavaScript warning: https://pagead2.googlesyndication.com/bg/6kAZB2R2IkMw87P0-iGviT-Bq_noDLkkkR6BhhZ9kEI.js line 1 > eval line 4760 > eval line 1 > eval line 1 > eval, line 1: WEBGL_debug_renderer_info is deprecated in Firefox and will be removed. Please use RENDERER.
JavaScript warning: https://pagead2.googlesyndication.com/bg/Ye9v6Im9tluz9H2voON4Knt27QwLK-_39wqINbvc4zs.js line 1 > eval line 6927 > eval line 1 > eval line 1 > eval, line 1: WEBGL_debug_renderer_info is deprecated in Firefox and will be removed. Please use RENDERER.
JavaScript error: , line 0: TypeError: NetworkError when attempting to fetch resource.
JavaScript error: https://eus.rubiconproject.com/usync.js, line 4: SecurityError: The operation is insecure.
JavaScript warning: https://pagead2.googlesyndication.com/bg/6kAZB2R2IkMw87P0-iGviT-Bq_noDLkkkR6BhhZ9kEI.js line 1 > eval line 4788 > eval line 1 > eval line 1 > eval, line 1: WEBGL_debug_renderer_info is deprecated in Firefox and will be removed. Please use RENDERER.
JavaScript warning: https://pagead2.googlesyndication.com/bg/Ye9v6Im9tluz9H2voON4Knt27QwLK-_39wqINbvc4zs.js line 1 > eval line 3595 > eval line 1 > eval line 1 > eval, line 1: WEBGL_debug_renderer_info is deprecated in Firefox and will be removed. Please use RENDERER.
JavaScript error: , line 0: uncaught exception: 7
JavaScript error: , line 0: TypeError: NetworkError when attempting to fetch resource.
JavaScript error: https://eus.rubiconproject.com/usync.js, line 4: SecurityError: The operation is insecure.
JavaScript warning: https://pagead2.googlesyndication.com/bg/6kAZB2R2IkMw87P0-iGviT-Bq_noDLkkkR6BhhZ9kEI.js line 1 > eval line 178 > eval line 1 > eval line 1 > eval, line 1: WEBGL_debug_renderer_info is deprecated in Firefox and will be removed. Please use RENDERER.
JavaScript warning: https://www.telguarder.com/it/numero/3510500296 line 1 > injectedScript, line 1: WEBGL_debug_renderer_info is deprecated in Firefox and will be removed. Please use RENDERER.
JavaScript warning: https://www.telguarder.com/it/numero/3510500296 line 1 > injectedScript, line 1: WEBGL_debug_renderer_info is deprecated in Firefox and will be removed. Please use RENDERER.
JavaScript warning: https://pagead2.googlesyndication.com/bg/Ye9v6Im9tluz9H2voON4Knt27QwLK-_39wqINbvc4zs.js line 1 > eval line 7372 > eval line 1 > eval line 1 > eval, line 1: WEBGL_debug_renderer_info is deprecated in Firefox and will be removed. Please use RENDERER.
JavaScript error: , line 0: TypeError: NetworkError when attempting to fetch resource.
JavaScript error: , line 0: TypeError: NetworkError when attempting to fetch resource.
JavaScript error: , line 0: TypeError: NetworkError when attempting to fetch resource.
JavaScript error: https://eus.rubiconproject.com/usync.js, line 4: SecurityError: The operation is insecure.
JavaScript warning: https://pagead2.googlesyndication.com/bg/6kAZB2R2IkMw87P0-iGviT-Bq_noDLkkkR6BhhZ9kEI.js line 1 > eval line 1673 > eval line 1 > eval line 1 > eval, line 1: WEBGL_debug_renderer_info is deprecated in Firefox and will be removed. Please use RENDERER.
JavaScript warning: https://www.telguarder.com/it/numero/3490699683 line 1 > injectedScript, line 1: WEBGL_debug_renderer_info is deprecated in Firefox and will be removed. Please use RENDERER.
JavaScript error: , line 0: TypeError: NetworkError when attempting to fetch resource.
JavaScript error: , line 0: TypeError: NetworkError when attempting to fetch resource.
JavaScript error: https://eus.rubiconproject.com/usync.js, line 4: SecurityError: The operation is insecure.
JavaScript warning: https://pagead2.googlesyndication.com/bg/6kAZB2R2IkMw87P0-iGviT-Bq_noDLkkkR6BhhZ9kEI.js line 1 > eval line 2728 > eval line 1 > eval line 1 > eval, line 1: WEBGL_debug_renderer_info is deprecated in Firefox and will be removed. Please use RENDERER.
JavaScript error: https://eus.rubiconproject.com/usync.js, line 4: SecurityError: The operation is insecure.
JavaScript warning: https://pagead2.googlesyndication.com/bg/6kAZB2R2IkMw87P0-iGviT-Bq_noDLkkkR6BhhZ9kEI.js line 1 > eval line 1029 > eval line 1 > eval line 1 > eval, line 1: WEBGL_debug_renderer_info is deprecated in Firefox and will be removed. Please use RENDERER.
JavaScript warning: https://www.telguarder.com/it/numero/0558873043 line 1 > injectedScript, line 1: WEBGL_debug_renderer_info is deprecated in Firefox and will be removed. Please use RENDERER.
JavaScript error: , line 0: TypeError: NetworkError when attempting to fetch resource.
JavaScript error: https://eus.rubiconproject.com/usync.js, line 4: SecurityError: The operation is insecure.
JavaScript warning: https://pagead2.googlesyndication.com/bg/6kAZB2R2IkMw87P0-iGviT-Bq_noDLkkkR6BhhZ9kEI.js line 1 > eval line 2610 > eval line 1 > eval line 1 > eval, line 1: WEBGL_debug_renderer_info is deprecated in Firefox and will be removed. Please use RENDERER.
JavaScript warning: https://www.telguarder.com/it/numero/3271383924 line 1 > injectedScript, line 1: WEBGL_debug_renderer_info is deprecated in Firefox and will be removed. Please use RENDERER.
JavaScript error: , line 0: TypeError: NetworkError when attempting to fetch resource.
JavaScript error: , line 0: TypeError: NetworkError when attempting to fetch resource.
JavaScript error: https://eus.rubiconproject.com/usync.js, line 4: SecurityError: The operation is insecure.
JavaScript warning: https://pagead2.googlesyndication.com/bg/6kAZB2R2IkMw87P0-iGviT-Bq_noDLkkkR6BhhZ9kEI.js line 1 > eval line 6441 > eval line 1 > eval line 1 > eval, line 1: WEBGL_debug_renderer_info is deprecated in Firefox and will be removed. Please use RENDERER.
JavaScript warning: https://www.telguarder.com/it/numero/3501452483 line 1 > injectedScript, line 1: WEBGL_debug_renderer_info is deprecated in Firefox and will be removed. Please use RENDERER.
JavaScript warning: https://z.moatads.com/quantcastv2691176990399/moatad.js#moatClientLevel1=p-NFxazWA7hnaYb&moatClientLevel2=qfm&moatClientLevel3=05c123bd-08b5-4e6f-9671-7826cb9b4345&moatClientLevel4=a973b51f-2706-423e-b827-587950df4066&uid=_Lpm8K28PPS3uWanraIwpKLpKaCj6TzsrOw9p_6-NPGu6WDz8rpy0w==, line 244: WEBGL_debug_renderer_info is deprecated in Firefox and will be removed. Please use RENDERER.
JavaScript warning: https://pagead2.googlesyndication.com/bg/Ye9v6Im9tluz9H2voON4Knt27QwLK-_39wqINbvc4zs.js line 1 > eval line 544 > eval line 1 > eval line 1 > eval, line 1: WEBGL_debug_renderer_info is deprecated in Firefox and will be removed. Please use RENDERER.
JavaScript error: , line 0: TypeError: NetworkError when attempting to fetch resource.
JavaScript error: , line 0: TypeError: NetworkError when attempting to fetch resource.
JavaScript error: , line 0: TypeError: NetworkError when attempting to fetch resource.
JavaScript error: https://eus.rubiconproject.com/usync.js, line 4: SecurityError: The operation is insecure.
JavaScript warning: https://pagead2.googlesyndication.com/bg/6kAZB2R2IkMw87P0-iGviT-Bq_noDLkkkR6BhhZ9kEI.js line 1 > eval line 1637 > eval line 1 > eval line 1 > eval, line 1: WEBGL_debug_renderer_info is deprecated in Firefox and will be removed. Please use RENDERER.
JavaScript error: https://eus.rubiconproject.com/usync.js, line 4: SecurityError: The operation is insecure.
JavaScript warning: https://pagead2.googlesyndication.com/bg/6kAZB2R2IkMw87P0-iGviT-Bq_noDLkkkR6BhhZ9kEI.js line 1 > eval line 4920 > eval line 1 > eval line 1 > eval, line 1: WEBGL_debug_renderer_info is deprecated in Firefox and will be removed. Please use RENDERER.
JavaScript warning: https://www.telguarder.com/it/numero/3510500296 line 1 > injectedScript, line 1: WEBGL_debug_renderer_info is deprecated in Firefox and will be removed. Please use RENDERER.
JavaScript warning: https://pagead2.googlesyndication.com/bg/Ye9v6Im9tluz9H2voON4Knt27QwLK-_39wqINbvc4zs.js line 1 > eval line 3623 > eval line 1 > eval line 1 > eval, line 1: WEBGL_debug_renderer_info is deprecated in Firefox and will be removed. Please use RENDERER.
JavaScript error: , line 0: TypeError: NetworkError when attempting to fetch resource.
JavaScript error: , line 0: TypeError: NetworkError when attempting to fetch resource.
JavaScript error: , line 0: TypeError: NetworkError when attempting to fetch resource.
JavaScript error: https://eus.rubiconproject.com/usync.js, line 4: SecurityError: The operation is insecure.
JavaScript warning: https://pagead2.googlesyndication.com/bg/6kAZB2R2IkMw87P0-iGviT-Bq_noDLkkkR6BhhZ9kEI.js line 1 > eval line 5600 > eval line 1 > eval line 1 > eval, line 1: WEBGL_debug_renderer_info is deprecated in Firefox and will be removed. Please use RENDERER.
JavaScript warning: https://pagead2.googlesyndication.com/bg/Ye9v6Im9tluz9H2voON4Knt27QwLK-_39wqINbvc4zs.js line 1 > eval line 6315 > eval line 1 > eval line 1 > eval, line 1: WEBGL_debug_renderer_info is deprecated in Firefox and will be removed. Please use RENDERER.
JavaScript error: , line 0: TypeError: NetworkError when attempting to fetch resource.
JavaScript error: https://eus.rubiconproject.com/usync.js, line 4: SecurityError: The operation is insecure.
JavaScript warning: https://pagead2.googlesyndication.com/bg/6kAZB2R2IkMw87P0-iGviT-Bq_noDLkkkR6BhhZ9kEI.js line 1 > eval line 5674 > eval line 1 > eval line 1 > eval, line 1: WEBGL_debug_renderer_info is deprecated in Firefox and will be removed. Please use RENDERER.
1652801634716	Marionette	INFO	Stopped listening on port 45609

###!!! [Parent][PContentParent] Error: Send(msgname=PContent::Reply_DiscardBrowsingContext) Closed channel: cannot send/recv


###!!! [Parent][PContentParent] Error: Send(msgname=PContent::Reply_DiscardBrowsingContext) Closed channel: cannot send/recv


###!!! [Parent][PContentParent] Error: Send(msgname=PContent::Reply_DiscardBrowsingContext) Closed channel: cannot send/recv


###!!! [Parent][PContentParent] Error: Send(msgname=PContent::Reply_DiscardBrowsingContext) Closed channel: cannot send/recv


###!!! [Parent][PContentParent] Error: Send(msgname=PContent::Reply_DiscardBrowsingContext) Closed channel: cannot send/recv


###!!! [Parent][PContentParent] Error: Send(msgname=PContent::Reply_DiscardBrowsingContext) Closed channel: cannot send/recv


###!!! [Parent][PContentParent] Error: Send(msgname=PContent::Reply_DiscardBrowsingContext) Closed channel: cannot send/recv


###!!! [Parent][PContentParent] Error: Send(msgname=PContent::Reply_DiscardBrowsingContext) Closed channel: cannot send/recv


###!!! [Parent][PContentParent] Error: Send(msgname=PContent::Reply_DiscardBrowsingContext) Closed channel: cannot send/recv


###!!! [Parent][PContentParent] Error: Send(msgname=PContent::Reply_DiscardBrowsingContext) Closed channel: cannot send/recv


###!!! [Parent][PContentParent] Error: Send(msgname=PContent::Reply_DiscardBrowsingContext) Closed channel: cannot send/recv


###!!! [Parent][PContentParent] Error: Send(msgname=PContent::Reply_DiscardBrowsingContext) Closed channel: cannot send/recv


###!!! [Parent][PContentParent] Error: Send(msgname=PContent::Reply_DiscardBrowsingContext) Closed channel: cannot send/recv


###!!! [Parent][PContentParent] Error: Send(msgname=PContent::Reply_DiscardBrowsingContext) Closed channel: cannot send/recv


###!!! [Parent][PContentParent] Error: Send(msgname=PContent::Reply_DiscardBrowsingContext) Closed channel: cannot send/recv


###!!! [Parent][PContentParent] Error: Send(msgname=PContent::Reply_DiscardBrowsingContext) Closed channel: cannot send/recv


###!!! [Parent][PContentParent] Error: Send(msgname=PContent::Msg_DestroyBrowsingContextGroup) Closed channel: cannot send/recv


###!!! [Parent][PContentParent] Error: Send(msgname=PContent::Reply_DiscardBrowsingContext) Closed channel: cannot send/recv


###!!! [Parent][PImageBridgeParent] Error: RunMessage(msgname=PImageBridge::Msg_WillClose) Channel closing: too late to send/recv, messages will be lost

1652803540889	geckodriver	INFO	Listening on 127.0.0.1:59715
1652803540893	mozrunner::runner	INFO	Running command: "/usr/bin/firefox" "--marionette" "--headless" "--remote-debugging-port" "55181" "-no-remote" "-profile" "/tmp/rust_mozprofileOleLb0"
*** You are running in headless mode.
1652803542707	Marionette	INFO	Marionette enabled
[GFX1-]: RenderCompositorSWGL failed mapping default framebuffer, no dt
console.warn: SearchSettings: "get: No settings file exists, new profile?" (new NotFoundError("Could not open the file at /tmp/rust_mozprofileOleLb0/search.json.mozlz4", (void 0)))
DevTools listening on ws://localhost:55181/devtools/browser/709677dc-692f-4399-8985-cf7c95e22f31
1652803545900	Marionette	INFO	Listening on port 44829
1652803546191	RemoteAgent	WARN	TLS certificate errors will be ignored for this session
JavaScript error: https://eus.rubiconproject.com/usync.js, line 4: SecurityError: The operation is insecure.
JavaScript error: , line 0: uncaught exception: undefined
JavaScript error: https://eus.rubiconproject.com/usync.js, line 4: SecurityError: The operation is insecure.
JavaScript error: , line 0: uncaught exception: undefined
JavaScript error: https://eus.rubiconproject.com/usync.js, line 4: SecurityError: The operation is insecure.
JavaScript error: , line 0: uncaught exception: undefined
JavaScript error: https://eus.rubiconproject.com/usync.js, line 4: SecurityError: The operation is insecure.
JavaScript warning: https://pagead2.googlesyndication.com/bg/6kAZB2R2IkMw87P0-iGviT-Bq_noDLkkkR6BhhZ9kEI.js line 1 > eval line 254 > eval line 1 > eval line 1 > eval, line 1: WEBGL_debug_renderer_info is deprecated in Firefox and will be removed. Please use RENDERER.
JavaScript error: https://eus.rubiconproject.com/usync.js, line 4: SecurityError: The operation is insecure.
JavaScript warning: https://pagead2.googlesyndication.com/bg/6kAZB2R2IkMw87P0-iGviT-Bq_noDLkkkR6BhhZ9kEI.js line 1 > eval line 2314 > eval line 1 > eval line 1 > eval, line 1: WEBGL_debug_renderer_info is deprecated in Firefox and will be removed. Please use RENDERER.
JavaScript error: , line 0: TypeError: NetworkError when attempting to fetch resource.
JavaScript error: https://eus.rubiconproject.com/usync.js, line 4: SecurityError: The operation is insecure.
JavaScript warning: https://pagead2.googlesyndication.com/bg/6kAZB2R2IkMw87P0-iGviT-Bq_noDLkkkR6BhhZ9kEI.js line 1 > eval line 7808 > eval line 1 > eval line 1 > eval, line 1: WEBGL_debug_renderer_info is deprecated in Firefox and will be removed. Please use RENDERER.
JavaScript error: https://eus.rubiconproject.com/usync.js, line 4: SecurityError: The operation is insecure.
JavaScript warning: https://pagead2.googlesyndication.com/bg/6kAZB2R2IkMw87P0-iGviT-Bq_noDLkkkR6BhhZ9kEI.js line 1 > eval line 3346 > eval line 1 > eval line 1 > eval, line 1: WEBGL_debug_renderer_info is deprecated in Firefox and will be removed. Please use RENDERER.
JavaScript warning: https://z.moatads.com/quantcastv2691176990399/moatad.js#moatClientLevel1=p-NFxazWA7hnaYb&moatClientLevel2=qfm&moatClientLevel3=05c123bd-08b5-4e6f-9671-7826cb9b4345&moatClientLevel4=08bf5600-da58-4c72-a33e-8e7721af31eb&uid=ubBcXLizXgil41QOvK9YCLi2QQC7ul0U67NcX7HkDQqx4w5fJ4iiGQ==, line 244: WEBGL_debug_renderer_info is deprecated in Firefox and will be removed. Please use RENDERER.
JavaScript error: https://tpc.googlesyndication.com/sodar/Enqz_20U.html, line 11: uncaught exception: 7
JavaScript error: , line 0: TypeError: NetworkError when attempting to fetch resource.
JavaScript error: https://tpc.googlesyndication.com/sodar/Enqz_20U.html, line 11: uncaught exception: 7
JavaScript error: , line 0: TypeError: NetworkError when attempting to fetch resource.
JavaScript error: , line 0: TypeError: NetworkError when attempting to fetch resource.
JavaScript error: , line 0: TypeError: NetworkError when attempting to fetch resource.
JavaScript error: https://eus.rubiconproject.com/usync.js, line 4: SecurityError: The operation is insecure.
JavaScript warning: https://pagead2.googlesyndication.com/bg/6kAZB2R2IkMw87P0-iGviT-Bq_noDLkkkR6BhhZ9kEI.js line 1 > eval line 4173 > eval line 1 > eval line 1 > eval, line 1: WEBGL_debug_renderer_info is deprecated in Firefox and will be removed. Please use RENDERER.
JavaScript error: https://eus.rubiconproject.com/usync.js, line 4: SecurityError: The operation is insecure.
JavaScript warning: https://pagead2.googlesyndication.com/bg/6kAZB2R2IkMw87P0-iGviT-Bq_noDLkkkR6BhhZ9kEI.js line 1 > eval line 7241 > eval line 1 > eval line 1 > eval, line 1: WEBGL_debug_renderer_info is deprecated in Firefox and will be removed. Please use RENDERER.
JavaScript warning: https://z.moatads.com/quantcastv2691176990399/moatad.js#moatClientLevel1=p-qWYSyhH1C_Mh2&moatClientLevel2=qfm&moatClientLevel3=206b14c0-5339-4738-afc2-c5d132aa4edf&moatClientLevel4=00dc06ae-a347-4402-9778-be97a873e875&uid=6LqZCLjsyg-kuZwAsfafWbm6hlntuJkVvuifDrvjmg3quJ4ACkOSjA==, line 244: WEBGL_debug_renderer_info is deprecated in Firefox and will be removed. Please use RENDERER.
JavaScript error: https://tpc.googlesyndication.com/sodar/Enqz_20U.html, line 11: uncaught exception: 7
JavaScript error: https://tpc.googlesyndication.com/sodar/Enqz_20U.html, line 11: uncaught exception: 7
JavaScript error: , line 0: TypeError: NetworkError when attempting to fetch resource.
JavaScript error: , line 0: TypeError: NetworkError when attempting to fetch resource.
JavaScript error: , line 0: TypeError: NetworkError when attempting to fetch resource.
JavaScript error: https://eus.rubiconproject.com/usync.js, line 4: SecurityError: The operation is insecure.
JavaScript warning: https://pagead2.googlesyndication.com/bg/6kAZB2R2IkMw87P0-iGviT-Bq_noDLkkkR6BhhZ9kEI.js line 1 > eval line 5959 > eval line 1 > eval line 1 > eval, line 1: WEBGL_debug_renderer_info is deprecated in Firefox and will be removed. Please use RENDERER.
JavaScript warning: https://z.moatads.com/quantcastv2691176990399/moatad.js#moatClientLevel1=p-qWYSyhH1C_Mh2&moatClientLevel2=qfm&moatClientLevel3=e0a0f696-8e63-4d34-84e3-97776183f3b2&moatClientLevel4=8801e2bb-114c-4ca4-bdcf-7cebd7e7e85b&uid=1Skr56QoLu-7VSnn0z0v4NIkNpSkISv7oFZf5dQhXeKjUSqQpU31eg==, line 244: WEBGL_debug_renderer_info is deprecated in Firefox and will be removed. Please use RENDERER.
JavaScript error: , line 0: uncaught exception: 7
JavaScript warning: https://pagead2.googlesyndication.com/bg/Ye9v6Im9tluz9H2voON4Knt27QwLK-_39wqINbvc4zs.js line 1 > eval line 2721 > eval line 1 > eval line 1 > eval, line 1: WEBGL_debug_renderer_info is deprecated in Firefox and will be removed. Please use RENDERER.
JavaScript error: , line 0: TypeError: NetworkError when attempting to fetch resource.
JavaScript error: https://eus.rubiconproject.com/usync.js, line 4: SecurityError: The operation is insecure.
JavaScript warning: https://pagead2.googlesyndication.com/bg/6kAZB2R2IkMw87P0-iGviT-Bq_noDLkkkR6BhhZ9kEI.js line 1 > eval line 1857 > eval line 1 > eval line 1 > eval, line 1: WEBGL_debug_renderer_info is deprecated in Firefox and will be removed. Please use RENDERER.
JavaScript warning: https://pagead2.googlesyndication.com/bg/Ye9v6Im9tluz9H2voON4Knt27QwLK-_39wqINbvc4zs.js line 1 > eval line 559 > eval line 1 > eval line 1 > eval, line 1: WEBGL_debug_renderer_info is deprecated in Firefox and will be removed. Please use RENDERER.
JavaScript warning: https://pagead2.googlesyndication.com/bg/Ye9v6Im9tluz9H2voON4Knt27QwLK-_39wqINbvc4zs.js line 1 > eval line 270 > eval line 1 > eval line 1 > eval, line 1: WEBGL_debug_renderer_info is deprecated in Firefox and will be removed. Please use RENDERER.
JavaScript error: , line 0: uncaught exception: 7
JavaScript error: , line 0: TypeError: NetworkError when attempting to fetch resource.
JavaScript error: , line 0: TypeError: NetworkError when attempting to fetch resource.
JavaScript error: https://eus.rubiconproject.com/usync.js, line 4: SecurityError: The operation is insecure.
JavaScript warning: https://pagead2.googlesyndication.com/bg/6kAZB2R2IkMw87P0-iGviT-Bq_noDLkkkR6BhhZ9kEI.js line 1 > eval line 5713 > eval line 1 > eval line 1 > eval, line 1: WEBGL_debug_renderer_info is deprecated in Firefox and will be removed. Please use RENDERER.
JavaScript error: https://eus.rubiconproject.com/usync.js, line 4: SecurityError: The operation is insecure.
JavaScript warning: https://pagead2.googlesyndication.com/bg/6kAZB2R2IkMw87P0-iGviT-Bq_noDLkkkR6BhhZ9kEI.js line 1 > eval line 5206 > eval line 1 > eval line 1 > eval, line 1: WEBGL_debug_renderer_info is deprecated in Firefox and will be removed. Please use RENDERER.
JavaScript error: https://tpc.googlesyndication.com/sodar/Enqz_20U.html, line 11: uncaught exception: 7
JavaScript error: https://tpc.googlesyndication.com/sodar/Enqz_20U.html, line 11: uncaught exception: 7
JavaScript error: , line 0: TypeError: NetworkError when attempting to fetch resource.
JavaScript error: , line 0: TypeError: NetworkError when attempting to fetch resource.
JavaScript error: , line 0: TypeError: NetworkError when attempting to fetch resource.
JavaScript error: , line 0: TypeError: NetworkError when attempting to fetch resource.
JavaScript error: https://eus.rubiconproject.com/usync.js, line 4: SecurityError: The operation is insecure.
JavaScript warning: https://pagead2.googlesyndication.com/bg/6kAZB2R2IkMw87P0-iGviT-Bq_noDLkkkR6BhhZ9kEI.js line 1 > eval line 1115 > eval line 1 > eval line 1 > eval, line 1: WEBGL_debug_renderer_info is deprecated in Firefox and will be removed. Please use RENDERER.
JavaScript error: https://eus.rubiconproject.com/usync.js, line 4: SecurityError: The operation is insecure.
JavaScript warning: https://pagead2.googlesyndication.com/bg/6kAZB2R2IkMw87P0-iGviT-Bq_noDLkkkR6BhhZ9kEI.js line 1 > eval line 1394 > eval line 1 > eval line 1 > eval, line 1: WEBGL_debug_renderer_info is deprecated in Firefox and will be removed. Please use RENDERER.
JavaScript error: https://eus.rubiconproject.com/usync.js, line 4: SecurityError: The operation is insecure.
JavaScript warning: https://pagead2.googlesyndication.com/bg/6kAZB2R2IkMw87P0-iGviT-Bq_noDLkkkR6BhhZ9kEI.js line 1 > eval line 1754 > eval line 1 > eval line 1 > eval, line 1: WEBGL_debug_renderer_info is deprecated in Firefox and will be removed. Please use RENDERER.
JavaScript error: https://eus.rubiconproject.com/usync.js, line 4: SecurityError: The operation is insecure.
JavaScript warning: https://pagead2.googlesyndication.com/bg/6kAZB2R2IkMw87P0-iGviT-Bq_noDLkkkR6BhhZ9kEI.js line 1 > eval line 5915 > eval line 1 > eval line 1 > eval, line 1: WEBGL_debug_renderer_info is deprecated in Firefox and will be removed. Please use RENDERER.
JavaScript error: https://eus.rubiconproject.com/usync.js, line 4: SecurityError: The operation is insecure.
JavaScript warning: https://pagead2.googlesyndication.com/bg/6kAZB2R2IkMw87P0-iGviT-Bq_noDLkkkR6BhhZ9kEI.js line 1 > eval line 2906 > eval line 1 > eval line 1 > eval, line 1: WEBGL_debug_renderer_info is deprecated in Firefox and will be removed. Please use RENDERER.
1652803654306	Marionette	INFO	Stopped listening on port 44829
JavaScript error: , line 0: TypeError: NetworkError when attempting to fetch resource.
JavaScript error: , line 0: TypeError: NetworkError when attempting to fetch resource.

###!!! [Parent][PContentParent] Error: Send(msgname=PContent::Reply_DiscardBrowsingContext) Closed channel: cannot send/recv


###!!! [Parent][PContentParent] Error: Send(msgname=PContent::Reply_DiscardBrowsingContext) Closed channel: cannot send/recv


###!!! [Parent][PContentParent] Error: Send(msgname=PContent::Reply_DiscardBrowsingContext) Closed channel: cannot send/recv


###!!! [Parent][PContentParent] Error: Send(msgname=PContent::Reply_DiscardBrowsingContext) Closed channel: cannot send/recv


###!!! [Parent][PContentParent] Error: Send(msgname=PContent::Reply_DiscardBrowsingContext) Closed channel: cannot send/recv


###!!! [Parent][PContentParent] Error: Send(msgname=PContent::Reply_DiscardBrowsingContext) Closed channel: cannot send/recv


###!!! [Parent][PContentParent] Error: Send(msgname=PContent::Reply_DiscardBrowsingContext) Closed channel: cannot send/recv


###!!! [Parent][PContentParent] Error: Send(msgname=PContent::Reply_DiscardBrowsingContext) Closed channel: cannot send/recv


###!!! [Parent][PContentParent] Error: Send(msgname=PContent::Reply_DiscardBrowsingContext) Closed channel: cannot send/recv


###!!! [Parent][PContentParent] Error: Send(msgname=PContent::Reply_DiscardBrowsingContext) Closed channel: cannot send/recv


###!!! [Parent][PContentParent] Error: Send(msgname=PContent::Reply_DiscardBrowsingContext) Closed channel: cannot send/recv


###!!! [Parent][PContentParent] Error: Send(msgname=PContent::Reply_DiscardBrowsingContext) Closed channel: cannot send/recv


###!!! [Parent][PContentParent] Error: Send(msgname=PContent::Reply_DiscardBrowsingContext) Closed channel: cannot send/recv


###!!! [Parent][PContentParent] Error: Send(msgname=PContent::Reply_DiscardBrowsingContext) Closed channel: cannot send/recv


###!!! [Parent][PContentParent] Error: Send(msgname=PContent::Reply_DiscardBrowsingContext) Closed channel: cannot send/recv


###!!! [Parent][PContentParent] Error: Send(msgname=PContent::Reply_DiscardBrowsingContext) Closed channel: cannot send/recv


###!!! [Parent][PContentParent] Error: Send(msgname=PContent::Reply_DiscardBrowsingContext) Closed channel: cannot send/recv


###!!! [Parent][PContentParent] Error: Send(msgname=PContent::Reply_DiscardBrowsingContext) Closed channel: cannot send/recv


###!!! [Parent][PContentParent] Error: Send(msgname=PContent::Reply_DiscardBrowsingContext) Closed channel: cannot send/recv


###!!! [Parent][PContentParent] Error: Send(msgname=PContent::Msg_DestroyBrowsingContextGroup) Closed channel: cannot send/recv


###!!! [Parent][PContentParent] Error: Send(msgname=PContent::Reply_DiscardBrowsingContext) Closed channel: cannot send/recv


###!!! [Parent][PImageBridgeParent] Error: RunMessage(msgname=PImageBridge::Msg_WillClose) Channel closing: too late to send/recv, messages will be lost

